<?xml version="1.0" encoding="UTF-8"?>
<!-- Generated by org.testng.reporters.JUnitXMLReporter -->
<testsuite ignored="0" hostname="Tripuranjali" failures="1" tests="3" name="Test" time="15.724" errors="0" timestamp="2025-02-08T23:30:24 IST">
  <testcase classname="com.TestCases.GreenCartPurchase" name="purchaseOrder" time="4.832"/>
  <testcase classname="com.TestCases.GreenCartPurchase" name="purchaseOrder" time="3.309">
    <skipped/>
  </testcase> <!-- purchaseOrder -->
  <testcase classname="com.TestCases.GreenCartPurchase" name="purchaseOrder" time="2.994">
    <failure type="org.openqa.selenium.NoSuchElementException" message="Cannot locate option with value: Afganisthan
For documentation on this error, please visit: https://www.selenium.dev/documentation/webdriver/troubleshooting/errors#no-such-element-exception
Build info: version: &amp;apos;4.27.0&amp;apos;, revision: &amp;apos;d6e718d134&amp;apos;
System info: os.name: &amp;apos;Windows 11&amp;apos;, os.arch: &amp;apos;amd64&amp;apos;, os.version: &amp;apos;10.0&amp;apos;, java.version: &amp;apos;21.0.1&amp;apos;
Driver info: driver.version: unknown">
      <![CDATA[org.openqa.selenium.NoSuchElementException: Cannot locate option with value: Afganisthan
For documentation on this error, please visit: https://www.selenium.dev/documentation/webdriver/troubleshooting/errors#no-such-element-exception
Build info: version: '4.27.0', revision: 'd6e718d134'
System info: os.name: 'Windows 11', os.arch: 'amd64', os.version: '10.0', java.version: '21.0.1'
Driver info: driver.version: unknown
at org.openqa.selenium.support.ui.Select.findOptionsByValue(Select.java:393)
at org.openqa.selenium.support.ui.Select.selectByValue(Select.java:277)
at com.GreenKart.PageObjects.GreenKartCheckOutPage.TermsandConditionsagreement(GreenKartCheckOutPage.java:68)
at com.TestCases.GreenCartPurchase.purchaseOrder(GreenCartPurchase.java:32)
at java.base/java.util.ArrayList.forEach(ArrayList.java:1596)
... Removed 29 stack frames]]>
    </failure>
  </testcase> <!-- purchaseOrder -->
</testsuite> <!-- Test -->
